<?xml version="1.0" encoding="UTF-8"?>
<!-- Generated by org.testng.reporters.JUnitReportReporter -->
<testsuite hostname="DESKTOP-2TK0G8F" name="test.TestRunner" tests="1" failures="0" timestamp="16 Jul 2020 08:25:46 GMT" time="103.147" errors="0">
  <testcase name="feature" time="103.147" classname="test.TestRunner"/>
</testsuite> <!-- test.TestRunner -->
